
> handcrafted-haven@1.0.0 start C:\Users\Moandemah Foundation\Desktop\new school\WDD430\Handcrafted-Haven
> next start

 ⨯ Failed to start server
Error: listen EADDRINUSE: address already in use :::3000
    at Server.setupListenHandle [as _listen2] (node:net:1907:16)
    at listenInCluster (node:net:1964:12)
    at Server.listen (node:net:2066:7)
    at C:\Users\Moandemah Foundation\Desktop\new school\WDD430\Handcrafted-Haven\node_modules\.pnpm\next@13.5.6_react-dom@18.2.0_react@18.2.0__react@18.2.0\node_modules\next\dist\server\lib\start-server.js:254:16
    at new Promise (<anonymous>)
    at startServer (C:\Users\Moandemah Foundation\Desktop\new school\WDD430\Handcrafted-Haven\node_modules\.pnpm\next@13.5.6_react-dom@18.2.0_react@18.2.0__react@18.2.0\node_modules\next\dist\server\lib\start-server.js:191:11)
    at nextStart (C:\Users\Moandemah Foundation\Desktop\new school\WDD430\Handcrafted-Haven\node_modules\.pnpm\next@13.5.6_react-dom@18.2.0_react@18.2.0__react@18.2.0\node_modules\next\dist\cli\next-start.js:50:40)
    at C:\Users\Moandemah Foundation\Desktop\new school\WDD430\Handcrafted-Haven\node_modules\.pnpm\next@13.5.6_react-dom@18.2.0_react@18.2.0__react@18.2.0\node_modules\next\dist\bin\next:157:54
    at async main (C:\Users\Moandemah Foundation\Desktop\new school\WDD430\Handcrafted-Haven\node_modules\.pnpm\next@13.5.6_react-dom@18.2.0_react@18.2.0__react@18.2.0\node_modules\next\dist\bin\next:157:5) {
  code: 'EADDRINUSE',
  errno: -4091,
  syscall: 'listen',
  address: '::',
  port: 3000
}
 ELIFECYCLE  Command failed with exit code 1.
